<?xml version="1.0" encoding="UTF-8"?>
<testsuite name="in.tech_camp.protospace.controller.UserControllerTest" tests="1" skipped="0" failures="0" errors="0" timestamp="2025-06-12T04:16:02.429Z" hostname="TYAMADA" time="0.131">
  <properties/>
  <testcase name="testRegisterUserSuccess()" classname="in.tech_camp.protospace.controller.UserControllerTest" time="0.131"/>
  <system-out><![CDATA[13:16:00.258 [Test worker] INFO org.springframework.test.context.support.AnnotationConfigContextLoaderUtils -- Could not detect default configuration classes for test class [in.tech_camp.protospace.controller.UserControllerTest]: UserControllerTest does not declare any static, non-private, non-final, nested classes annotated with @Configuration.
13:16:00.352 [Test worker] INFO org.springframework.boot.test.context.SpringBootTestContextBootstrapper -- Found @SpringBootConfiguration in.tech_camp.protospace.ProtospaceApplication for test class in.tech_camp.protospace.controller.UserControllerTest

  .   ____          _            __ _ _
 /\\ / ___'_ __ _ _(_)_ __  __ _ \ \ \ \
( ( )\___ | '_ | '_| | '_ \/ _` | \ \ \ \
 \\/  ___)| |_)| | | | | || (_| |  ) ) ) )
  '  |____| .__|_| |_|_| |_\__, | / / / /
 =========|_|==============|___/=/_/_/_/

 :: Spring Boot ::               (v3.3.12)

2025-06-12T13:16:00.629+09:00  INFO 184192 --- [protospace] [    Test worker] i.t.p.controller.UserControllerTest      : Starting UserControllerTest using Java 21.0.6 with PID 184192 (started by tyamada in /home/tyamada/java-projects/protospace)
2025-06-12T13:16:00.631+09:00  INFO 184192 --- [protospace] [    Test worker] i.t.p.controller.UserControllerTest      : No active profile set, falling back to 1 default profile: "default"
2025-06-12T13:16:02.001+09:00  INFO 184192 --- [protospace] [    Test worker] r$InitializeUserDetailsManagerConfigurer : Global AuthenticationManager configured with UserDetailsService bean with name in.tech_camp.protospace.service.UserDetailsServiceImpl#0
2025-06-12T13:16:02.398+09:00  INFO 184192 --- [protospace] [    Test worker] o.s.b.t.m.w.SpringBootMockServletContext : Initializing Spring TestDispatcherServlet ''
2025-06-12T13:16:02.398+09:00  INFO 184192 --- [protospace] [    Test worker] o.s.t.web.servlet.TestDispatcherServlet  : Initializing Servlet ''
2025-06-12T13:16:02.399+09:00  INFO 184192 --- [protospace] [    Test worker] o.s.t.web.servlet.TestDispatcherServlet  : Completed initialization in 1 ms
2025-06-12T13:16:02.421+09:00  INFO 184192 --- [protospace] [    Test worker] i.t.p.controller.UserControllerTest      : Started UserControllerTest in 2.002 seconds (process running for 2.722)
]]></system-out>
  <system-err><![CDATA[WARNING: A Java agent has been loaded dynamically (/home/tyamada/.gradle/caches/modules-2/files-2.1/net.bytebuddy/byte-buddy-agent/1.14.19/154da3a65b4f4a909d3e5bdec55d1b2b4cbb6ce1/byte-buddy-agent-1.14.19.jar)
WARNING: If a serviceability tool is in use, please run with -XX:+EnableDynamicAgentLoading to hide this warning
WARNING: If a serviceability tool is not in use, please run with -Djdk.instrument.traceUsage for more information
WARNING: Dynamic loading of agents will be disallowed by default in a future release
]]></system-err>
</testsuite>
